Using pre-set license
Built from '2022.3/staging' branch; Version is '2022.3.16f1 (d2c21f0ef2f1) revision 13812255'; Using compiler version '192829333'; Build Type 'Release'
OS: 'Windows 11  (10.0.22621) 64bit Professional' Language: 'en' Physical Memory: 7523 MB
BatchMode: 1, IsHumanControllingUs: 0, StartBugReporterOnCrash: 0, Is64bit: 1, IsPro: 1

COMMAND LINE ARGUMENTS:
C:\Program Files\Unity\Hub\Editor\2022.3.16f1\Editor\Unity.exe
-adb2
-batchMode
-noUpm
-name
AssetImportWorker2
-projectPath
C:/Users/Ilinca/Hai la 12 c
-logFile
Logs/AssetImportWorker2.log
-srvPort
57468
Successfully changed project path to: C:/Users/Ilinca/Hai la 12 c
C:/Users/Ilinca/Hai la 12 c
[UnityMemory] Configuration Parameters - Can be set up in boot.config
    "memorysetup-bucket-allocator-granularity=16"
    "memorysetup-bucket-allocator-bucket-count=8"
    "memorysetup-bucket-allocator-block-size=33554432"
    "memorysetup-bucket-allocator-block-count=8"
    "memorysetup-main-allocator-block-size=16777216"
    "memorysetup-thread-allocator-block-size=16777216"
    "memorysetup-gfx-main-allocator-block-size=16777216"
    "memorysetup-gfx-thread-allocator-block-size=16777216"
    "memorysetup-cache-allocator-block-size=4194304"
    "memorysetup-typetree-allocator-block-size=2097152"
    "memorysetup-profiler-bucket-allocator-granularity=16"
    "memorysetup-profiler-bucket-allocator-bucket-count=8"
    "memorysetup-profiler-bucket-allocator-block-size=33554432"
    "memorysetup-profiler-bucket-allocator-block-count=8"
    "memorysetup-profiler-allocator-block-size=16777216"
    "memorysetup-profiler-editor-allocator-block-size=1048576"
    "memorysetup-temp-allocator-size-main=16777216"
    "memorysetup-job-temp-allocator-block-size=2097152"
    "memorysetup-job-temp-allocator-block-size-background=1048576"
    "memorysetup-job-temp-allocator-reduction-small-platforms=262144"
    "memorysetup-allocator-temp-initial-block-size-main=262144"
    "memorysetup-allocator-temp-initial-block-size-worker=262144"
    "memorysetup-temp-allocator-size-background-worker=32768"
    "memorysetup-temp-allocator-size-job-worker=262144"
    "memorysetup-temp-allocator-size-preload-manager=33554432"
    "memorysetup-temp-allocator-size-nav-mesh-worker=65536"
    "memorysetup-temp-allocator-size-audio-worker=65536"
    "memorysetup-temp-allocator-size-cloud-worker=32768"
    "memorysetup-temp-allocator-size-gi-baking-worker=262144"
    "memorysetup-temp-allocator-size-gfx=262144"
Player connection [27292] Host "[IP] 192.168.100.60 [Port] 0 [Flags] 2 [Guid] 2861843790 [EditorId] 2861843790 [Version] 1048832 [Id] WindowsEditor(7,DESKTOP-HVTIJ98) [Debug] 1 [PackageName] WindowsEditor [ProjectName] Editor" joined multi-casting on [225.0.0.222:54997]...

Player connection [27292] Host "[IP] 192.168.100.60 [Port] 0 [Flags] 2 [Guid] 2861843790 [EditorId] 2861843790 [Version] 1048832 [Id] WindowsEditor(7,DESKTOP-HVTIJ98) [Debug] 1 [PackageName] WindowsEditor [ProjectName] Editor" joined alternative multi-casting on [225.0.0.222:34997]...

[Physics::Module] Initialized MultithreadedJobDispatcher with 11 workers.
Refreshing native plugins compatible for Editor in 33.13 ms, found 3 plugins.
Preloading 0 native plugins for Editor in 0.00 ms.
Initialize engine version: 2022.3.16f1 (d2c21f0ef2f1)
[Subsystems] Discovering subsystems at path C:/Program Files/Unity/Hub/Editor/2022.3.16f1/Editor/Data/Resources/UnitySubsystems
[Subsystems] Discovering subsystems at path C:/Users/Ilinca/Hai la 12 c/Assets
GfxDevice: creating device client; threaded=0; jobified=0
Direct3D:
    Version:  Direct3D 11.0 [level 11.1]
    Renderer: NVIDIA GeForce RTX 3050 Ti Laptop GPU (ID=0x25a0)
    Vendor:   NVIDIA
    VRAM:     3976 MB
    Driver:   31.0.15.3713
Initialize mono
Mono path[0] = 'C:/Program Files/Unity/Hub/Editor/2022.3.16f1/Editor/Data/Managed'
Mono path[1] = 'C:/Program Files/Unity/Hub/Editor/2022.3.16f1/Editor/Data/MonoBleedingEdge/lib/mono/unityjit-win32'
Mono config path = 'C:/Program Files/Unity/Hub/Editor/2022.3.16f1/Editor/Data/MonoBleedingEdge/etc'
Using monoOptions --debugger-agent=transport=dt_socket,embedding=1,server=y,suspend=n,address=127.0.0.1:56784
Begin MonoManager ReloadAssembly
Registering precompiled unity dll's ...
Register platform support module: C:/Program Files/Unity/Hub/Editor/2022.3.16f1/Editor/Data/PlaybackEngines/AndroidPlayer/UnityEditor.Android.Extensions.dll
Register platform support module: C:/Program Files/Unity/Hub/Editor/2022.3.16f1/Editor/Data/PlaybackEngines/WindowsStandaloneSupport/UnityEditor.WindowsStandalone.Extensions.dll
Registered in 0.011609 seconds.
- Loaded All Assemblies, in  0.602 seconds
Native extension for WindowsStandalone target not found
Native extension for Android target not found
Android Extension - Scanning For ADB Devices 457 ms
Mono: successfully reloaded assembly
- Finished resetting the current domain, in  1.031 seconds
Domain Reload Profiling: 1632ms
	BeginReloadAssembly (226ms)
		ExecutionOrderSort (0ms)
		DisableScriptedObjects (0ms)
		BackupInstance (0ms)
		ReleaseScriptingObjects (0ms)
		CreateAndSetChildDomain (2ms)
	RebuildCommonClasses (57ms)
	RebuildNativeTypeToScriptingClass (14ms)
	initialDomainReloadingComplete (86ms)
	LoadAllAssembliesAndSetupDomain (217ms)
		LoadAssemblies (221ms)
		RebuildTransferFunctionScriptingTraits (0ms)
		AnalyzeDomain (212ms)
			TypeCache.Refresh (209ms)
				TypeCache.ScanAssembly (189ms)
			ScanForSourceGeneratedMonoScriptInfo (0ms)
			ResolveRequiredComponents (1ms)
	FinalizeReload (1032ms)
		ReleaseScriptCaches (0ms)
		RebuildScriptCaches (0ms)
		SetupLoadedEditorAssemblies (924ms)
			LogAssemblyErrors (0ms)
			InitializePlatformSupportModulesInManaged (660ms)
			SetLoadedEditorAssemblies (6ms)
			RefreshPlugins (0ms)
			BeforeProcessingInitializeOnLoad (4ms)
			ProcessInitializeOnLoadAttributes (183ms)
			ProcessInitializeOnLoadMethodAttributes (71ms)
			AfterProcessingInitializeOnLoad (0ms)
			EditorAssembliesLoaded (0ms)
		ExecutionOrderSort2 (0ms)
		AwakeInstancesAfterBackupRestoration (0ms)
========================================================================
Worker process is ready to serve import requests
Begin MonoManager ReloadAssembly
- Loaded All Assemblies, in  1.082 seconds
Refreshing native plugins compatible for Editor in 3.85 ms, found 3 plugins.
Native extension for WindowsStandalone target not found
Native extension for Android target not found
Package Manager log level set to [2]
[Package Manager] Server::EnsureServerProcessIsRunning -- launch failed, reason: Unity was launched with the -noUpm command-line argument
[Package Manager] UpmClient::Send -- Unable to send message (not connected to UPM process).
[Package Manager] Cannot connect to Unity Package Manager local server
Mono: successfully reloaded assembly
- Finished resetting the current domain, in  1.294 seconds
Domain Reload Profiling: 2372ms
	BeginReloadAssembly (246ms)
		ExecutionOrderSort (0ms)
		DisableScriptedObjects (13ms)
		BackupInstance (0ms)
		ReleaseScriptingObjects (0ms)
		CreateAndSetChildDomain (44ms)
	RebuildCommonClasses (43ms)
	RebuildNativeTypeToScriptingClass (14ms)
	initialDomainReloadingComplete (95ms)
	LoadAllAssembliesAndSetupDomain (679ms)
		LoadAssemblies (529ms)
		RebuildTransferFunctionScriptingTraits (0ms)
		AnalyzeDomain (275ms)
			TypeCache.Refresh (246ms)
				TypeCache.ScanAssembly (218ms)
			ScanForSourceGeneratedMonoScriptInfo (22ms)
			ResolveRequiredComponents (6ms)
	FinalizeReload (1295ms)
		ReleaseScriptCaches (0ms)
		RebuildScriptCaches (0ms)
		SetupLoadedEditorAssemblies (1004ms)
			LogAssemblyErrors (0ms)
			InitializePlatformSupportModulesInManaged (41ms)
			SetLoadedEditorAssemblies (8ms)
			RefreshPlugins (0ms)
			BeforeProcessingInitializeOnLoad (94ms)
			ProcessInitializeOnLoadAttributes (818ms)
			ProcessInitializeOnLoadMethodAttributes (35ms)
			AfterProcessingInitializeOnLoad (8ms)
			EditorAssembliesLoaded (0ms)
		ExecutionOrderSort2 (0ms)
		AwakeInstancesAfterBackupRestoration (10ms)
Launched and connected shader compiler UnityShaderCompiler.exe after 0.12 seconds
Refreshing native plugins compatible for Editor in 4.33 ms, found 3 plugins.
Preloading 0 native plugins for Editor in 0.00 ms.
Unloading 3084 Unused Serialized files (Serialized files now loaded: 0)
Unloading 32 unused Assets / (57.4 KB). Loaded Objects now: 3550.
Memory consumption went from 128.4 MB to 128.3 MB.
Total: 5.403900 ms (FindLiveObjects: 0.626900 ms CreateObjectMapping: 0.146700 ms MarkObjects: 4.487800 ms  DeleteObjects: 0.141200 ms)

AssetImportParameters requested are different than current active one (requested -> active):
  custom:container-demuxer-ogg: 62fdf1f143b41e24485cea50d1cbac27 -> 
  custom:video-codec-MediaFoundation-h265: 746d11721c4dcdbdad8f713fa42b33f4 -> 
  custom:video-decoder-ogg-theora: a1e56fd34408186e4bbccfd4996cb3dc -> 
  custom:framework-win-MediaFoundation: 216162199b28c13a410421893ffa2e32 -> 
  custom:CustomObjectIndexerAttribute: 43b350a4d6e6d1791af0b5038c4bea17 -> 
  custom:container-demuxer-webm: 4f35f7cbe854078d1ac9338744f61a02 -> 
  custom:container-muxer-webm: aa71ff27fc2769a1b78a27578f13a17b -> 
  custom:video-decoder-webm-vp8: 9c59270c3fd7afecdb556c50c9e8de78 -> 
  custom:SearchIndexIgnoredProperties: e643bd26f0fe6173181afceb89e7c659 -> 
  custom:AudioImporter_EditorPlatform: d09bf68614088b80899f8185d706f6e7 -> 
  custom:video-encoder-webm-vp8: eb34c28f22e8b96e1ab97ce403110664 -> 
  custom:audio-decoder-ogg-vorbis: bf7c407c2cedff20999df2af8eb42d56 -> 
  custom:audio-encoder-webm-vorbis: bf7c407c2cedff20999df2af8eb42d56 -> 
========================================================================
Received Import Request.
  Time since last request: 3572822.505989 seconds.
  path: Assets/New Material 1.mat
  artifactKey: Guid(f1b724c039e0440439da0bc2e3c74d39) Importer(815301076,1909f56bfc062723c751e8b465ee728b)
Start importing Assets/New Material 1.mat using Guid(f1b724c039e0440439da0bc2e3c74d39) Importer(815301076,1909f56bfc062723c751e8b465ee728b)  -> (artifact id: '6cbbb90c315370be8ed9d756bb636373') in 0.156090 seconds
Number of updated asset objects reloaded before import = 0
Number of asset objects unloaded after import = 1
========================================================================
Received Import Request.
  Time since last request: 2.500668 seconds.
  path: Assets/Tileable_Pack_01
  artifactKey: Guid(d110cbe854e94af46993872094b7e7d7) Importer(815301076,1909f56bfc062723c751e8b465ee728b)
Start importing Assets/Tileable_Pack_01 using Guid(d110cbe854e94af46993872094b7e7d7) Importer(815301076,1909f56bfc062723c751e8b465ee728b)  -> (artifact id: 'd5e49f9126dc39857f95dd6ccbb8d018') in 0.000769 seconds
Number of updated asset objects reloaded before import = 0
Number of asset objects unloaded after import = 0
========================================================================
Received Import Request.
  Time since last request: 3.030697 seconds.
  path: Assets/Tileable_Pack_01/Textures
  artifactKey: Guid(e25c95f8d6603fb48b98f2495319ef78) Importer(815301076,1909f56bfc062723c751e8b465ee728b)
Start importing Assets/Tileable_Pack_01/Textures using Guid(e25c95f8d6603fb48b98f2495319ef78) Importer(815301076,1909f56bfc062723c751e8b465ee728b)  -> (artifact id: 'a7d147b43b79f98a4ffc12a73f01c469') in 0.000739 seconds
Number of updated asset objects reloaded before import = 0
Number of asset objects unloaded after import = 0
========================================================================
Received Import Request.
  Time since last request: 0.079663 seconds.
  path: Assets/Tileable_Pack_01/Textures/Brick.png
  artifactKey: Guid(6af71a8353aff9e4c9a5c75af5ade852) Importer(815301076,1909f56bfc062723c751e8b465ee728b)
Start importing Assets/Tileable_Pack_01/Textures/Brick.png using Guid(6af71a8353aff9e4c9a5c75af5ade852) Importer(815301076,1909f56bfc062723c751e8b465ee728b)  -> (artifact id: '529e0840f359d0847c34e81471cce9c1') in 0.065609 seconds
Number of updated asset objects reloaded before import = 0
Number of asset objects unloaded after import = 2
========================================================================
Received Import Request.
  Time since last request: 0.000034 seconds.
  path: Assets/Tileable_Pack_01/Textures/Wavy_Sand.png
  artifactKey: Guid(5e6b8c689613e6e41988fe575006f365) Importer(815301076,1909f56bfc062723c751e8b465ee728b)
Start importing Assets/Tileable_Pack_01/Textures/Wavy_Sand.png using Guid(5e6b8c689613e6e41988fe575006f365) Importer(815301076,1909f56bfc062723c751e8b465ee728b)  -> (artifact id: 'a4e4d0200064856e4f834fa87f25f728') in 0.029019 seconds
Number of updated asset objects reloaded before import = 0
Number of asset objects unloaded after import = 2
========================================================================
Received Import Request.
  Time since last request: 0.000030 seconds.
  path: Assets/Tileable_Pack_01/Textures/Fanned_Brick.png
  artifactKey: Guid(944f67896a32c514e90cc069a14b2b54) Importer(815301076,1909f56bfc062723c751e8b465ee728b)
Start importing Assets/Tileable_Pack_01/Textures/Fanned_Brick.png using Guid(944f67896a32c514e90cc069a14b2b54) Importer(815301076,1909f56bfc062723c751e8b465ee728b)  -> (artifact id: '988f101f81cdcf4f43b07eb5476815c0') in 0.033038 seconds
Number of updated asset objects reloaded before import = 0
Number of asset objects unloaded after import = 2
========================================================================
Received Import Request.
  Time since last request: 3936.824655 seconds.
  path: Assets/Tileable_Pack_01/Textures/IMG_1558.png
  artifactKey: Guid(521be906dc6a3814c82eac73d7551e3c) Importer(815301076,1909f56bfc062723c751e8b465ee728b)
Start importing Assets/Tileable_Pack_01/Textures/IMG_1558.png using Guid(521be906dc6a3814c82eac73d7551e3c) Importer(815301076,1909f56bfc062723c751e8b465ee728b)  -> (artifact id: '8ee847b8cc04583b34e297098ebb255c') in 0.155783 seconds
Number of updated asset objects reloaded before import = 0
Number of asset objects unloaded after import = 2
========================================================================
Received Import Request.
  Time since last request: 24.448440 seconds.
  path: Assets/Tileable_Pack_01/Textures/IMG_1558.png
  artifactKey: Guid(521be906dc6a3814c82eac73d7551e3c) Importer(815301076,1909f56bfc062723c751e8b465ee728b)
Start importing Assets/Tileable_Pack_01/Textures/IMG_1558.png using Guid(521be906dc6a3814c82eac73d7551e3c) Importer(815301076,1909f56bfc062723c751e8b465ee728b)  -> (artifact id: '740010c045f566fc0c3b1c22dd4c0609') in 0.123457 seconds
Number of updated asset objects reloaded before import = 0
Number of asset objects unloaded after import = 3
========================================================================
Received Import Request.
  Time since last request: 171.942850 seconds.
  path: Assets/Tileable_Pack_01/Textures/IMG_1558 1.png
  artifactKey: Guid(9688190bac2a16b49bedbcb5ba6c3ed7) Importer(815301076,1909f56bfc062723c751e8b465ee728b)
Start importing Assets/Tileable_Pack_01/Textures/IMG_1558 1.png using Guid(9688190bac2a16b49bedbcb5ba6c3ed7) Importer(815301076,1909f56bfc062723c751e8b465ee728b)  -> (artifact id: '90354f3f576e2deb0ac4574f1625c188') in 0.035194 seconds
Number of updated asset objects reloaded before import = 0
Number of asset objects unloaded after import = 2
========================================================================
Received Import Request.
  Time since last request: 5.289572 seconds.
  path: Assets/Tileable_Pack_01/Textures/Untitled811_20240108122425.png
  artifactKey: Guid(6a2d126bdd063b34eaaa481b560ee6e0) Importer(815301076,1909f56bfc062723c751e8b465ee728b)
Start importing Assets/Tileable_Pack_01/Textures/Untitled811_20240108122425.png using Guid(6a2d126bdd063b34eaaa481b560ee6e0) Importer(815301076,1909f56bfc062723c751e8b465ee728b)  -> (artifact id: '5a792e3b89409e8ae647c2c56e05f2b9') in 0.028007 seconds
Number of updated asset objects reloaded before import = 0
Number of asset objects unloaded after import = 2
========================================================================
Received Import Request.
  Time since last request: 48.308702 seconds.
  path: Assets/Tileable_Pack_01/Textures/Untitled814_20240108174054 (1).png
  artifactKey: Guid(ffc7eb4217a4bb04ebf140a6066b628f) Importer(815301076,1909f56bfc062723c751e8b465ee728b)
Start importing Assets/Tileable_Pack_01/Textures/Untitled814_20240108174054 (1).png using Guid(ffc7eb4217a4bb04ebf140a6066b628f) Importer(815301076,1909f56bfc062723c751e8b465ee728b)  -> (artifact id: 'ae1a4aa6a862dd003df31a6665fd85cb') in 0.035044 seconds
Number of updated asset objects reloaded before import = 0
Number of asset objects unloaded after import = 2
