Using pre-set license
Built from '2022.3/staging' branch; Version is '2022.3.16f1 (d2c21f0ef2f1) revision 13812255'; Using compiler version '192829333'; Build Type 'Release'
OS: 'Windows 11  (10.0.22621) 64bit Professional' Language: 'en' Physical Memory: 7523 MB
BatchMode: 1, IsHumanControllingUs: 0, StartBugReporterOnCrash: 0, Is64bit: 1, IsPro: 1

COMMAND LINE ARGUMENTS:
C:\Program Files\Unity\Hub\Editor\2022.3.16f1\Editor\Unity.exe
-adb2
-batchMode
-noUpm
-name
AssetImportWorker4
-projectPath
C:/Users/Ilinca/Hai la 12 c
-logFile
Logs/AssetImportWorker4.log
-srvPort
61186
Successfully changed project path to: C:/Users/Ilinca/Hai la 12 c
C:/Users/Ilinca/Hai la 12 c
[UnityMemory] Configuration Parameters - Can be set up in boot.config
    "memorysetup-bucket-allocator-granularity=16"
    "memorysetup-bucket-allocator-bucket-count=8"
    "memorysetup-bucket-allocator-block-size=33554432"
    "memorysetup-bucket-allocator-block-count=8"
    "memorysetup-main-allocator-block-size=16777216"
    "memorysetup-thread-allocator-block-size=16777216"
    "memorysetup-gfx-main-allocator-block-size=16777216"
    "memorysetup-gfx-thread-allocator-block-size=16777216"
    "memorysetup-cache-allocator-block-size=4194304"
    "memorysetup-typetree-allocator-block-size=2097152"
    "memorysetup-profiler-bucket-allocator-granularity=16"
    "memorysetup-profiler-bucket-allocator-bucket-count=8"
    "memorysetup-profiler-bucket-allocator-block-size=33554432"
    "memorysetup-profiler-bucket-allocator-block-count=8"
    "memorysetup-profiler-allocator-block-size=16777216"
    "memorysetup-profiler-editor-allocator-block-size=1048576"
    "memorysetup-temp-allocator-size-main=16777216"
    "memorysetup-job-temp-allocator-block-size=2097152"
    "memorysetup-job-temp-allocator-block-size-background=1048576"
    "memorysetup-job-temp-allocator-reduction-small-platforms=262144"
    "memorysetup-allocator-temp-initial-block-size-main=262144"
    "memorysetup-allocator-temp-initial-block-size-worker=262144"
    "memorysetup-temp-allocator-size-background-worker=32768"
    "memorysetup-temp-allocator-size-job-worker=262144"
    "memorysetup-temp-allocator-size-preload-manager=33554432"
    "memorysetup-temp-allocator-size-nav-mesh-worker=65536"
    "memorysetup-temp-allocator-size-audio-worker=65536"
    "memorysetup-temp-allocator-size-cloud-worker=32768"
    "memorysetup-temp-allocator-size-gi-baking-worker=262144"
    "memorysetup-temp-allocator-size-gfx=262144"
Player connection [25008] Host "[IP] 192.168.2.187 [Port] 0 [Flags] 2 [Guid] 3306197225 [EditorId] 3306197225 [Version] 1048832 [Id] WindowsEditor(7,DESKTOP-HVTIJ98) [Debug] 1 [PackageName] WindowsEditor [ProjectName] Editor" joined multi-casting on [225.0.0.222:54997]...

Player connection [25008] Host "[IP] 192.168.2.187 [Port] 0 [Flags] 2 [Guid] 3306197225 [EditorId] 3306197225 [Version] 1048832 [Id] WindowsEditor(7,DESKTOP-HVTIJ98) [Debug] 1 [PackageName] WindowsEditor [ProjectName] Editor" joined alternative multi-casting on [225.0.0.222:34997]...

[Physics::Module] Initialized MultithreadedJobDispatcher with 11 workers.
Refreshing native plugins compatible for Editor in 27.44 ms, found 3 plugins.
Preloading 0 native plugins for Editor in 0.00 ms.
Initialize engine version: 2022.3.16f1 (d2c21f0ef2f1)
[Subsystems] Discovering subsystems at path C:/Program Files/Unity/Hub/Editor/2022.3.16f1/Editor/Data/Resources/UnitySubsystems
[Subsystems] Discovering subsystems at path C:/Users/Ilinca/Hai la 12 c/Assets
GfxDevice: creating device client; threaded=0; jobified=0
Direct3D:
    Version:  Direct3D 11.0 [level 11.1]
    Renderer: NVIDIA GeForce RTX 3050 Ti Laptop GPU (ID=0x25a0)
    Vendor:   NVIDIA
    VRAM:     3976 MB
    Driver:   31.0.15.3713
Initialize mono
Mono path[0] = 'C:/Program Files/Unity/Hub/Editor/2022.3.16f1/Editor/Data/Managed'
Mono path[1] = 'C:/Program Files/Unity/Hub/Editor/2022.3.16f1/Editor/Data/MonoBleedingEdge/lib/mono/unityjit-win32'
Mono config path = 'C:/Program Files/Unity/Hub/Editor/2022.3.16f1/Editor/Data/MonoBleedingEdge/etc'
Using monoOptions --debugger-agent=transport=dt_socket,embedding=1,server=y,suspend=n,address=127.0.0.1:56344
Begin MonoManager ReloadAssembly
Registering precompiled unity dll's ...
Register platform support module: C:/Program Files/Unity/Hub/Editor/2022.3.16f1/Editor/Data/PlaybackEngines/AndroidPlayer/UnityEditor.Android.Extensions.dll
Register platform support module: C:/Program Files/Unity/Hub/Editor/2022.3.16f1/Editor/Data/PlaybackEngines/WindowsStandaloneSupport/UnityEditor.WindowsStandalone.Extensions.dll
Registered in 0.012795 seconds.
- Loaded All Assemblies, in  0.690 seconds
Native extension for WindowsStandalone target not found
Native extension for Android target not found
Android Extension - Scanning For ADB Devices 469 ms
Mono: successfully reloaded assembly
- Finished resetting the current domain, in  1.038 seconds
Domain Reload Profiling: 1727ms
	BeginReloadAssembly (237ms)
		ExecutionOrderSort (0ms)
		DisableScriptedObjects (0ms)
		BackupInstance (0ms)
		ReleaseScriptingObjects (0ms)
		CreateAndSetChildDomain (2ms)
	RebuildCommonClasses (61ms)
	RebuildNativeTypeToScriptingClass (14ms)
	initialDomainReloadingComplete (110ms)
	LoadAllAssembliesAndSetupDomain (267ms)
		LoadAssemblies (232ms)
		RebuildTransferFunctionScriptingTraits (0ms)
		AnalyzeDomain (262ms)
			TypeCache.Refresh (259ms)
				TypeCache.ScanAssembly (238ms)
			ScanForSourceGeneratedMonoScriptInfo (0ms)
			ResolveRequiredComponents (1ms)
	FinalizeReload (1039ms)
		ReleaseScriptCaches (0ms)
		RebuildScriptCaches (0ms)
		SetupLoadedEditorAssemblies (948ms)
			LogAssemblyErrors (0ms)
			InitializePlatformSupportModulesInManaged (676ms)
			SetLoadedEditorAssemblies (6ms)
			RefreshPlugins (0ms)
			BeforeProcessingInitializeOnLoad (4ms)
			ProcessInitializeOnLoadAttributes (188ms)
			ProcessInitializeOnLoadMethodAttributes (74ms)
			AfterProcessingInitializeOnLoad (0ms)
			EditorAssembliesLoaded (0ms)
		ExecutionOrderSort2 (0ms)
		AwakeInstancesAfterBackupRestoration (0ms)
========================================================================
Worker process is ready to serve import requests
Begin MonoManager ReloadAssembly
- Loaded All Assemblies, in  0.998 seconds
Refreshing native plugins compatible for Editor in 4.09 ms, found 3 plugins.
Native extension for WindowsStandalone target not found
Native extension for Android target not found
Package Manager log level set to [2]
[Package Manager] Server::EnsureServerProcessIsRunning -- launch failed, reason: Unity was launched with the -noUpm command-line argument
[Package Manager] UpmClient::Send -- Unable to send message (not connected to UPM process).
[Package Manager] Cannot connect to Unity Package Manager local server
Mono: successfully reloaded assembly
- Finished resetting the current domain, in  1.188 seconds
Domain Reload Profiling: 2184ms
	BeginReloadAssembly (248ms)
		ExecutionOrderSort (0ms)
		DisableScriptedObjects (8ms)
		BackupInstance (0ms)
		ReleaseScriptingObjects (0ms)
		CreateAndSetChildDomain (36ms)
	RebuildCommonClasses (63ms)
	RebuildNativeTypeToScriptingClass (16ms)
	initialDomainReloadingComplete (57ms)
	LoadAllAssembliesAndSetupDomain (612ms)
		LoadAssemblies (513ms)
		RebuildTransferFunctionScriptingTraits (0ms)
		AnalyzeDomain (252ms)
			TypeCache.Refresh (225ms)
				TypeCache.ScanAssembly (205ms)
			ScanForSourceGeneratedMonoScriptInfo (19ms)
			ResolveRequiredComponents (5ms)
	FinalizeReload (1189ms)
		ReleaseScriptCaches (0ms)
		RebuildScriptCaches (0ms)
		SetupLoadedEditorAssemblies (956ms)
			LogAssemblyErrors (0ms)
			InitializePlatformSupportModulesInManaged (34ms)
			SetLoadedEditorAssemblies (6ms)
			RefreshPlugins (0ms)
			BeforeProcessingInitializeOnLoad (83ms)
			ProcessInitializeOnLoadAttributes (795ms)
			ProcessInitializeOnLoadMethodAttributes (32ms)
			AfterProcessingInitializeOnLoad (7ms)
			EditorAssembliesLoaded (0ms)
		ExecutionOrderSort2 (0ms)
		AwakeInstancesAfterBackupRestoration (9ms)
Launched and connected shader compiler UnityShaderCompiler.exe after 0.14 seconds
Refreshing native plugins compatible for Editor in 4.66 ms, found 3 plugins.
Preloading 0 native plugins for Editor in 0.00 ms.
Unloading 3084 Unused Serialized files (Serialized files now loaded: 0)
Unloading 32 unused Assets / (57.0 KB). Loaded Objects now: 3549.
Memory consumption went from 128.1 MB to 128.1 MB.
Total: 6.115300 ms (FindLiveObjects: 0.792100 ms CreateObjectMapping: 0.175600 ms MarkObjects: 4.945300 ms  DeleteObjects: 0.200500 ms)

AssetImportParameters requested are different than current active one (requested -> active):
  custom:container-demuxer-ogg: 62fdf1f143b41e24485cea50d1cbac27 -> 
  custom:video-codec-MediaFoundation-h265: 746d11721c4dcdbdad8f713fa42b33f4 -> 
  custom:video-decoder-ogg-theora: a1e56fd34408186e4bbccfd4996cb3dc -> 
  custom:framework-win-MediaFoundation: 216162199b28c13a410421893ffa2e32 -> 
  custom:CustomObjectIndexerAttribute: 43b350a4d6e6d1791af0b5038c4bea17 -> 
  custom:container-demuxer-webm: 4f35f7cbe854078d1ac9338744f61a02 -> 
  custom:container-muxer-webm: aa71ff27fc2769a1b78a27578f13a17b -> 
  custom:video-decoder-webm-vp8: 9c59270c3fd7afecdb556c50c9e8de78 -> 
  custom:SearchIndexIgnoredProperties: e643bd26f0fe6173181afceb89e7c659 -> 
  custom:AudioImporter_EditorPlatform: d09bf68614088b80899f8185d706f6e7 -> 
  custom:video-encoder-webm-vp8: eb34c28f22e8b96e1ab97ce403110664 -> 
  custom:audio-decoder-ogg-vorbis: bf7c407c2cedff20999df2af8eb42d56 -> 
  custom:audio-encoder-webm-vorbis: bf7c407c2cedff20999df2af8eb42d56 -> 
========================================================================
Received Import Request.
  Time since last request: 3555246.016485 seconds.
  path: Assets/FlagPole
  artifactKey: Guid(c3ac94ca3b3a7394a82ea5ebe058eb3e) Importer(815301076,1909f56bfc062723c751e8b465ee728b)
Start importing Assets/FlagPole using Guid(c3ac94ca3b3a7394a82ea5ebe058eb3e) Importer(815301076,1909f56bfc062723c751e8b465ee728b)  -> (artifact id: 'c3a292601c3f6e682e4685640e9d6b40') in 0.004430 seconds
Number of updated asset objects reloaded before import = 0
Number of asset objects unloaded after import = 0
========================================================================
Received Import Request.
  Time since last request: 1.991646 seconds.
  path: Assets/FlagPole/Assets
  artifactKey: Guid(4aa5a3b0a16ace54a954cca78262230b) Importer(815301076,1909f56bfc062723c751e8b465ee728b)
Start importing Assets/FlagPole/Assets using Guid(4aa5a3b0a16ace54a954cca78262230b) Importer(815301076,1909f56bfc062723c751e8b465ee728b)  -> (artifact id: '6921089966df98d01f267f7ff937658c') in 0.001198 seconds
Number of updated asset objects reloaded before import = 0
Number of asset objects unloaded after import = 0
========================================================================
Received Import Request.
  Time since last request: 0.214287 seconds.
  path: Assets/FlagPole/Assets/Flag.obj
  artifactKey: Guid(5931bb9d029c25f44ad0583ced99d67c) Importer(815301076,1909f56bfc062723c751e8b465ee728b)
Start importing Assets/FlagPole/Assets/Flag.obj using Guid(5931bb9d029c25f44ad0583ced99d67c) Importer(815301076,1909f56bfc062723c751e8b465ee728b)  -> (artifact id: '6b2c9d310d97b8ab74fdfd58a4aa0cad') in 0.241456 seconds
Number of updated asset objects reloaded before import = 0
Number of asset objects unloaded after import = 10
========================================================================
Received Import Request.
  Time since last request: 1677.292824 seconds.
  path: Assets/wetransfer_untitled807_20240108101937-png_2024-01-08_1003/Untitled808_20240108114439.png
  artifactKey: Guid(1f10acca31c5f414785f3544821a0e8d) Importer(2089858483,0ecaa5967403d082aa24f35e1b516d23)
Start importing Assets/wetransfer_untitled807_20240108101937-png_2024-01-08_1003/Untitled808_20240108114439.png using Guid(1f10acca31c5f414785f3544821a0e8d) Importer(2089858483,0ecaa5967403d082aa24f35e1b516d23) Generated GUIDs only implemented for interfaces!
 -> (artifact id: '124b236ee186e517cd879d9acc6e7c63') in 0.458148 seconds
Number of updated asset objects reloaded before import = 0
Number of asset objects unloaded after import = 1
========================================================================
Received Import Request.
  Time since last request: 1.969701 seconds.
  path: Assets/wetransfer_untitled807_20240108101937-png_2024-01-08_1003
  artifactKey: Guid(b0cfc633c85ed7d4e8b5fb321f088773) Importer(815301076,1909f56bfc062723c751e8b465ee728b)
Start importing Assets/wetransfer_untitled807_20240108101937-png_2024-01-08_1003 using Guid(b0cfc633c85ed7d4e8b5fb321f088773) Importer(815301076,1909f56bfc062723c751e8b465ee728b)  -> (artifact id: 'dd9c9c757b457ea2515c43ce5296da5c') in 0.000778 seconds
Number of updated asset objects reloaded before import = 0
Number of asset objects unloaded after import = 0
========================================================================
Received Import Request.
  Time since last request: 0.265535 seconds.
  path: Assets/wetransfer_untitled807_20240108101937-png_2024-01-08_1003/IMG_1555.png
  artifactKey: Guid(03a4e7b19c27d6546805ce6a952dccf6) Importer(815301076,1909f56bfc062723c751e8b465ee728b)
Start importing Assets/wetransfer_untitled807_20240108101937-png_2024-01-08_1003/IMG_1555.png using Guid(03a4e7b19c27d6546805ce6a952dccf6) Importer(815301076,1909f56bfc062723c751e8b465ee728b)  -> (artifact id: '027724fd1df23c06302be8b0f5e644e4') in 0.105246 seconds
Number of updated asset objects reloaded before import = 0
Number of asset objects unloaded after import = 2
========================================================================
Received Import Request.
  Time since last request: 0.000032 seconds.
  path: Assets/wetransfer_untitled807_20240108101937-png_2024-01-08_1003/Untitled809_20240108114751.png
  artifactKey: Guid(2c2389faa02ec03468798ee3eb956378) Importer(815301076,1909f56bfc062723c751e8b465ee728b)
Start importing Assets/wetransfer_untitled807_20240108101937-png_2024-01-08_1003/Untitled809_20240108114751.png using Guid(2c2389faa02ec03468798ee3eb956378) Importer(815301076,1909f56bfc062723c751e8b465ee728b)  -> (artifact id: 'd770c859e334846c8093ee5e0adf7876') in 0.026845 seconds
Number of updated asset objects reloaded before import = 0
Number of asset objects unloaded after import = 2
========================================================================
Received Import Request.
  Time since last request: 7.222325 seconds.
  path: Assets/wetransfer_untitled807_20240108101937-png_2024-01-08_1003/IMG_1555.png
  artifactKey: Guid(03a4e7b19c27d6546805ce6a952dccf6) Importer(815301076,1909f56bfc062723c751e8b465ee728b)
Start importing Assets/wetransfer_untitled807_20240108101937-png_2024-01-08_1003/IMG_1555.png using Guid(03a4e7b19c27d6546805ce6a952dccf6) Importer(815301076,1909f56bfc062723c751e8b465ee728b)  -> (artifact id: 'af460d658cfa47b3008786c64acab9e6') in 0.073473 seconds
Number of updated asset objects reloaded before import = 0
Number of asset objects unloaded after import = 3
========================================================================
Received Import Request.
  Time since last request: 0.871783 seconds.
  path: Assets/wetransfer_untitled807_20240108101937-png_2024-01-08_1003/IMG_1555.png
  artifactKey: Guid(03a4e7b19c27d6546805ce6a952dccf6) Importer(2089858483,0ecaa5967403d082aa24f35e1b516d23)
Start importing Assets/wetransfer_untitled807_20240108101937-png_2024-01-08_1003/IMG_1555.png using Guid(03a4e7b19c27d6546805ce6a952dccf6) Importer(2089858483,0ecaa5967403d082aa24f35e1b516d23) Generated GUIDs only implemented for interfaces!
 -> (artifact id: '28ea34c5ff8e1d2465cd7322148f727f') in 0.048065 seconds
Number of updated asset objects reloaded before import = 0
Number of asset objects unloaded after import = 3
========================================================================
Received Import Request.
  Time since last request: 5.487343 seconds.
  path: Assets/wetransfer_untitled807_20240108101937-png_2024-01-08_1003/Untitled807_20240108101937.png
  artifactKey: Guid(8e4ec489768a4ac4aa2279f2799bf20c) Importer(815301076,1909f56bfc062723c751e8b465ee728b)
Start importing Assets/wetransfer_untitled807_20240108101937-png_2024-01-08_1003/Untitled807_20240108101937.png using Guid(8e4ec489768a4ac4aa2279f2799bf20c) Importer(815301076,1909f56bfc062723c751e8b465ee728b)  -> (artifact id: '2feb074fdd4f87eae15d10b51e835323') in 0.060446 seconds
Number of updated asset objects reloaded before import = 0
Number of asset objects unloaded after import = 3
========================================================================
Received Import Request.
  Time since last request: 0.908227 seconds.
  path: Assets/wetransfer_untitled807_20240108101937-png_2024-01-08_1003/Untitled807_20240108101937.png
  artifactKey: Guid(8e4ec489768a4ac4aa2279f2799bf20c) Importer(2089858483,0ecaa5967403d082aa24f35e1b516d23)
Start importing Assets/wetransfer_untitled807_20240108101937-png_2024-01-08_1003/Untitled807_20240108101937.png using Guid(8e4ec489768a4ac4aa2279f2799bf20c) Importer(2089858483,0ecaa5967403d082aa24f35e1b516d23) Generated GUIDs only implemented for interfaces!
 -> (artifact id: '1235c7ad0da09244dbff978b09f5afcf') in 0.054120 seconds
Number of updated asset objects reloaded before import = 0
Number of asset objects unloaded after import = 3
========================================================================
Received Import Request.
  Time since last request: 5.674282 seconds.
  path: Assets/wetransfer_untitled807_20240108101937-png_2024-01-08_1003/Untitled808_20240108114439.png
  artifactKey: Guid(1f10acca31c5f414785f3544821a0e8d) Importer(815301076,1909f56bfc062723c751e8b465ee728b)
Start importing Assets/wetransfer_untitled807_20240108101937-png_2024-01-08_1003/Untitled808_20240108114439.png using Guid(1f10acca31c5f414785f3544821a0e8d) Importer(815301076,1909f56bfc062723c751e8b465ee728b)  -> (artifact id: '9d081b86a7910071f655b36284f3b805') in 0.044438 seconds
Number of updated asset objects reloaded before import = 0
Number of asset objects unloaded after import = 3
========================================================================
Received Import Request.
  Time since last request: 0.905549 seconds.
  path: Assets/wetransfer_untitled807_20240108101937-png_2024-01-08_1003/Untitled808_20240108114439.png
  artifactKey: Guid(1f10acca31c5f414785f3544821a0e8d) Importer(2089858483,0ecaa5967403d082aa24f35e1b516d23)
Start importing Assets/wetransfer_untitled807_20240108101937-png_2024-01-08_1003/Untitled808_20240108114439.png using Guid(1f10acca31c5f414785f3544821a0e8d) Importer(2089858483,0ecaa5967403d082aa24f35e1b516d23) Generated GUIDs only implemented for interfaces!
 -> (artifact id: '51e1092cc00bf0161ea3201da3569558') in 0.059767 seconds
Number of updated asset objects reloaded before import = 0
Number of asset objects unloaded after import = 3
Editor requested this worker to shutdown with reason: Scaling down because of idle timeout
TcpMessagingSession - receive error: operation aborted. errorcode: 995, details: The I/O operation has been aborted because of either a thread exit or an application request.
AssetImportWorker is now disconnected from the server
Process exiting
Exiting without the bug reporter. Application will terminate with return code 0