Using pre-set license
Built from '2022.3/staging' branch; Version is '2022.3.16f1 (d2c21f0ef2f1) revision 13812255'; Using compiler version '192829333'; Build Type 'Release'
OS: 'Windows 11  (10.0.22621) 64bit Professional' Language: 'en' Physical Memory: 7523 MB
BatchMode: 1, IsHumanControllingUs: 0, StartBugReporterOnCrash: 0, Is64bit: 1, IsPro: 1

COMMAND LINE ARGUMENTS:
C:\Program Files\Unity\Hub\Editor\2022.3.16f1\Editor\Unity.exe
-adb2
-batchMode
-noUpm
-name
AssetImportWorker3
-projectPath
C:/Users/Ilinca/Hai la 12 c
-logFile
Logs/AssetImportWorker3.log
-srvPort
61186
Successfully changed project path to: C:/Users/Ilinca/Hai la 12 c
C:/Users/Ilinca/Hai la 12 c
[UnityMemory] Configuration Parameters - Can be set up in boot.config
    "memorysetup-bucket-allocator-granularity=16"
    "memorysetup-bucket-allocator-bucket-count=8"
    "memorysetup-bucket-allocator-block-size=33554432"
    "memorysetup-bucket-allocator-block-count=8"
    "memorysetup-main-allocator-block-size=16777216"
    "memorysetup-thread-allocator-block-size=16777216"
    "memorysetup-gfx-main-allocator-block-size=16777216"
    "memorysetup-gfx-thread-allocator-block-size=16777216"
    "memorysetup-cache-allocator-block-size=4194304"
    "memorysetup-typetree-allocator-block-size=2097152"
    "memorysetup-profiler-bucket-allocator-granularity=16"
    "memorysetup-profiler-bucket-allocator-bucket-count=8"
    "memorysetup-profiler-bucket-allocator-block-size=33554432"
    "memorysetup-profiler-bucket-allocator-block-count=8"
    "memorysetup-profiler-allocator-block-size=16777216"
    "memorysetup-profiler-editor-allocator-block-size=1048576"
    "memorysetup-temp-allocator-size-main=16777216"
    "memorysetup-job-temp-allocator-block-size=2097152"
    "memorysetup-job-temp-allocator-block-size-background=1048576"
    "memorysetup-job-temp-allocator-reduction-small-platforms=262144"
    "memorysetup-allocator-temp-initial-block-size-main=262144"
    "memorysetup-allocator-temp-initial-block-size-worker=262144"
    "memorysetup-temp-allocator-size-background-worker=32768"
    "memorysetup-temp-allocator-size-job-worker=262144"
    "memorysetup-temp-allocator-size-preload-manager=33554432"
    "memorysetup-temp-allocator-size-nav-mesh-worker=65536"
    "memorysetup-temp-allocator-size-audio-worker=65536"
    "memorysetup-temp-allocator-size-cloud-worker=32768"
    "memorysetup-temp-allocator-size-gi-baking-worker=262144"
    "memorysetup-temp-allocator-size-gfx=262144"
Player connection [17544] Host "[IP] 192.168.2.187 [Port] 0 [Flags] 2 [Guid] 3162945632 [EditorId] 3162945632 [Version] 1048832 [Id] WindowsEditor(7,DESKTOP-HVTIJ98) [Debug] 1 [PackageName] WindowsEditor [ProjectName] Editor" joined multi-casting on [225.0.0.222:54997]...

Player connection [17544] Host "[IP] 192.168.2.187 [Port] 0 [Flags] 2 [Guid] 3162945632 [EditorId] 3162945632 [Version] 1048832 [Id] WindowsEditor(7,DESKTOP-HVTIJ98) [Debug] 1 [PackageName] WindowsEditor [ProjectName] Editor" joined alternative multi-casting on [225.0.0.222:34997]...

[Physics::Module] Initialized MultithreadedJobDispatcher with 11 workers.
Refreshing native plugins compatible for Editor in 2811.80 ms, found 3 plugins.
Preloading 0 native plugins for Editor in 0.00 ms.
Initialize engine version: 2022.3.16f1 (d2c21f0ef2f1)
[Subsystems] Discovering subsystems at path C:/Program Files/Unity/Hub/Editor/2022.3.16f1/Editor/Data/Resources/UnitySubsystems
[Subsystems] Discovering subsystems at path C:/Users/Ilinca/Hai la 12 c/Assets
GfxDevice: creating device client; threaded=0; jobified=0
Direct3D:
    Version:  Direct3D 11.0 [level 11.1]
    Renderer: NVIDIA GeForce RTX 3050 Ti Laptop GPU (ID=0x25a0)
    Vendor:   NVIDIA
    VRAM:     3976 MB
    Driver:   31.0.15.3713
Initialize mono
Mono path[0] = 'C:/Program Files/Unity/Hub/Editor/2022.3.16f1/Editor/Data/Managed'
Mono path[1] = 'C:/Program Files/Unity/Hub/Editor/2022.3.16f1/Editor/Data/MonoBleedingEdge/lib/mono/unityjit-win32'
Mono config path = 'C:/Program Files/Unity/Hub/Editor/2022.3.16f1/Editor/Data/MonoBleedingEdge/etc'
Using monoOptions --debugger-agent=transport=dt_socket,embedding=1,server=y,suspend=n,address=127.0.0.1:56884
Begin MonoManager ReloadAssembly
Registering precompiled unity dll's ...
Register platform support module: C:/Program Files/Unity/Hub/Editor/2022.3.16f1/Editor/Data/PlaybackEngines/AndroidPlayer/UnityEditor.Android.Extensions.dll
Register platform support module: C:/Program Files/Unity/Hub/Editor/2022.3.16f1/Editor/Data/PlaybackEngines/WindowsStandaloneSupport/UnityEditor.WindowsStandalone.Extensions.dll
Registered in 0.421425 seconds.
- Loaded All Assemblies, in  9.870 seconds
Native extension for WindowsStandalone target not found
Native extension for Android target not found
Android Extension - Scanning For ADB Devices 418 ms
Mono: successfully reloaded assembly
- Finished resetting the current domain, in  1.046 seconds
Domain Reload Profiling: 10911ms
	BeginReloadAssembly (6908ms)
		ExecutionOrderSort (0ms)
		DisableScriptedObjects (0ms)
		BackupInstance (0ms)
		ReleaseScriptingObjects (0ms)
		CreateAndSetChildDomain (3ms)
	RebuildCommonClasses (685ms)
	RebuildNativeTypeToScriptingClass (13ms)
	initialDomainReloadingComplete (534ms)
	LoadAllAssembliesAndSetupDomain (1724ms)
		LoadAssemblies (6903ms)
		RebuildTransferFunctionScriptingTraits (0ms)
		AnalyzeDomain (1717ms)
			TypeCache.Refresh (1715ms)
				TypeCache.ScanAssembly (1376ms)
			ScanForSourceGeneratedMonoScriptInfo (0ms)
			ResolveRequiredComponents (1ms)
	FinalizeReload (1047ms)
		ReleaseScriptCaches (0ms)
		RebuildScriptCaches (0ms)
		SetupLoadedEditorAssemblies (973ms)
			LogAssemblyErrors (0ms)
			InitializePlatformSupportModulesInManaged (728ms)
			SetLoadedEditorAssemblies (5ms)
			RefreshPlugins (0ms)
			BeforeProcessingInitializeOnLoad (4ms)
			ProcessInitializeOnLoadAttributes (159ms)
			ProcessInitializeOnLoadMethodAttributes (77ms)
			AfterProcessingInitializeOnLoad (0ms)
			EditorAssembliesLoaded (1ms)
		ExecutionOrderSort2 (0ms)
		AwakeInstancesAfterBackupRestoration (0ms)
========================================================================
Worker process is ready to serve import requests
Begin MonoManager ReloadAssembly
- Loaded All Assemblies, in  5.537 seconds
Refreshing native plugins compatible for Editor in 3.76 ms, found 3 plugins.
Native extension for WindowsStandalone target not found
Native extension for Android target not found
Package Manager log level set to [2]
[Package Manager] Server::EnsureServerProcessIsRunning -- launch failed, reason: Unity was launched with the -noUpm command-line argument
[Package Manager] UpmClient::Send -- Unable to send message (not connected to UPM process).
[Package Manager] Cannot connect to Unity Package Manager local server
Mono: successfully reloaded assembly
- Finished resetting the current domain, in  0.946 seconds
Domain Reload Profiling: 6480ms
	BeginReloadAssembly (198ms)
		ExecutionOrderSort (0ms)
		DisableScriptedObjects (7ms)
		BackupInstance (0ms)
		ReleaseScriptingObjects (0ms)
		CreateAndSetChildDomain (26ms)
	RebuildCommonClasses (31ms)
	RebuildNativeTypeToScriptingClass (10ms)
	initialDomainReloadingComplete (45ms)
	LoadAllAssembliesAndSetupDomain (5248ms)
		LoadAssemblies (4609ms)
		RebuildTransferFunctionScriptingTraits (0ms)
		AnalyzeDomain (767ms)
			TypeCache.Refresh (742ms)
				TypeCache.ScanAssembly (665ms)
			ScanForSourceGeneratedMonoScriptInfo (19ms)
			ResolveRequiredComponents (4ms)
	FinalizeReload (947ms)
		ReleaseScriptCaches (0ms)
		RebuildScriptCaches (0ms)
		SetupLoadedEditorAssemblies (753ms)
			LogAssemblyErrors (0ms)
			InitializePlatformSupportModulesInManaged (31ms)
			SetLoadedEditorAssemblies (6ms)
			RefreshPlugins (0ms)
			BeforeProcessingInitializeOnLoad (81ms)
			ProcessInitializeOnLoadAttributes (605ms)
			ProcessInitializeOnLoadMethodAttributes (25ms)
			AfterProcessingInitializeOnLoad (5ms)
			EditorAssembliesLoaded (0ms)
		ExecutionOrderSort2 (0ms)
		AwakeInstancesAfterBackupRestoration (8ms)
Launched and connected shader compiler UnityShaderCompiler.exe after 0.11 seconds
Refreshing native plugins compatible for Editor in 3.41 ms, found 3 plugins.
Preloading 0 native plugins for Editor in 0.00 ms.
Unloading 3084 Unused Serialized files (Serialized files now loaded: 0)
Unloading 32 unused Assets / (56.8 KB). Loaded Objects now: 3549.
Memory consumption went from 128.3 MB to 128.2 MB.
Total: 4.011800 ms (FindLiveObjects: 0.476900 ms CreateObjectMapping: 0.095700 ms MarkObjects: 3.311400 ms  DeleteObjects: 0.126600 ms)

AssetImportParameters requested are different than current active one (requested -> active):
  custom:container-demuxer-ogg: 62fdf1f143b41e24485cea50d1cbac27 -> 
  custom:video-codec-MediaFoundation-h265: 746d11721c4dcdbdad8f713fa42b33f4 -> 
  custom:video-decoder-ogg-theora: a1e56fd34408186e4bbccfd4996cb3dc -> 
  custom:framework-win-MediaFoundation: 216162199b28c13a410421893ffa2e32 -> 
  custom:CustomObjectIndexerAttribute: 43b350a4d6e6d1791af0b5038c4bea17 -> 
  custom:container-demuxer-webm: 4f35f7cbe854078d1ac9338744f61a02 -> 
  custom:container-muxer-webm: aa71ff27fc2769a1b78a27578f13a17b -> 
  custom:video-decoder-webm-vp8: 9c59270c3fd7afecdb556c50c9e8de78 -> 
  custom:SearchIndexIgnoredProperties: e643bd26f0fe6173181afceb89e7c659 -> 
  custom:AudioImporter_EditorPlatform: d09bf68614088b80899f8185d706f6e7 -> 
  custom:video-encoder-webm-vp8: eb34c28f22e8b96e1ab97ce403110664 -> 
  custom:audio-decoder-ogg-vorbis: bf7c407c2cedff20999df2af8eb42d56 -> 
  custom:audio-encoder-webm-vorbis: bf7c407c2cedff20999df2af8eb42d56 -> 
========================================================================
Received Import Request.
  Time since last request: 3554358.500692 seconds.
  path: Assets/cracked wall/Materials/wall_Base_Color.mat
  artifactKey: Guid(d3c546dd34baeca488f532ee4c990f12) Importer(815301076,1909f56bfc062723c751e8b465ee728b)
Start importing Assets/cracked wall/Materials/wall_Base_Color.mat using Guid(d3c546dd34baeca488f532ee4c990f12) Importer(815301076,1909f56bfc062723c751e8b465ee728b)  -> (artifact id: '85877352bbf935afe3c9b228afc4559e') in 0.198358 seconds
Number of updated asset objects reloaded before import = 0
Number of asset objects unloaded after import = 2
========================================================================
Received Import Request.
  Time since last request: 0.000031 seconds.
  path: Assets/cracked wall/Materials/wall_Roughness.mat
  artifactKey: Guid(90abae01a15810b479a44898ce0493c1) Importer(815301076,1909f56bfc062723c751e8b465ee728b)
Start importing Assets/cracked wall/Materials/wall_Roughness.mat using Guid(90abae01a15810b479a44898ce0493c1) Importer(815301076,1909f56bfc062723c751e8b465ee728b)  -> (artifact id: '126a866e4a4dd6a73eee0dadac822a3e') in 0.027910 seconds
Number of updated asset objects reloaded before import = 0
Number of asset objects unloaded after import = 2
========================================================================
Received Import Request.
  Time since last request: 10.631698 seconds.
  path: Assets/Texture_and_materials/Tiles_floor/Tiles_floor(03)/Textures/Tiles_floor(02)_Ao.tga
  artifactKey: Guid(0477fa9f74ec41f4ebf99a04be6da3b2) Importer(815301076,1909f56bfc062723c751e8b465ee728b)
Start importing Assets/Texture_and_materials/Tiles_floor/Tiles_floor(03)/Textures/Tiles_floor(02)_Ao.tga using Guid(0477fa9f74ec41f4ebf99a04be6da3b2) Importer(815301076,1909f56bfc062723c751e8b465ee728b)  -> (artifact id: '3b9ce19134851161051a42d6f8f9e171') in 0.044348 seconds
Number of updated asset objects reloaded before import = 0
Number of asset objects unloaded after import = 2
========================================================================
Received Import Request.
  Time since last request: 0.000024 seconds.
  path: Assets/Texture_and_materials/Tiles_floor/Tiles_floor(03)/Textures/Tiles_floor(02)_Normals.tga
  artifactKey: Guid(3384f6a58440c82488522f2a8f787da4) Importer(815301076,1909f56bfc062723c751e8b465ee728b)
Start importing Assets/Texture_and_materials/Tiles_floor/Tiles_floor(03)/Textures/Tiles_floor(02)_Normals.tga using Guid(3384f6a58440c82488522f2a8f787da4) Importer(815301076,1909f56bfc062723c751e8b465ee728b)  -> (artifact id: '715ee31dc7952199ae60703e8c1c0d38') in 0.034957 seconds
Number of updated asset objects reloaded before import = 0
Number of asset objects unloaded after import = 2
========================================================================
Received Import Request.
  Time since last request: 9.843243 seconds.
  path: Assets/Texture_and_materials/Tiles_floor/Tiles_floor(03)/Materials/Tiles_floor(02)_Albedo.mat
  artifactKey: Guid(6a66b4797d0ab8c4ebd7c98ad22c12e4) Importer(2089858483,0ecaa5967403d082aa24f35e1b516d23)
Start importing Assets/Texture_and_materials/Tiles_floor/Tiles_floor(03)/Materials/Tiles_floor(02)_Albedo.mat using Guid(6a66b4797d0ab8c4ebd7c98ad22c12e4) Importer(2089858483,0ecaa5967403d082aa24f35e1b516d23) Generated GUIDs only implemented for interfaces!
 -> (artifact id: 'bfde62236e40b6c097deee913d2df25d') in 0.174844 seconds
Number of updated asset objects reloaded before import = 0
Number of asset objects unloaded after import = 2
========================================================================
Received Import Request.
  Time since last request: 23.777017 seconds.
  path: Assets/Texture_and_materials/Paving_stone/Paving_stone(01)/Textures/Paving_stone(01)_Ao.tga
  artifactKey: Guid(048dc1661caff2e49905b1816c97990b) Importer(815301076,1909f56bfc062723c751e8b465ee728b)
Start importing Assets/Texture_and_materials/Paving_stone/Paving_stone(01)/Textures/Paving_stone(01)_Ao.tga using Guid(048dc1661caff2e49905b1816c97990b) Importer(815301076,1909f56bfc062723c751e8b465ee728b)  -> (artifact id: '6cf6da79429e0e2b1606fa268e366328') in 0.045328 seconds
Number of updated asset objects reloaded before import = 0
Number of asset objects unloaded after import = 2
========================================================================
Received Import Request.
  Time since last request: 0.000029 seconds.
  path: Assets/Texture_and_materials/Paving_stone/Paving_stone(01)/Textures/Paving_stone(01)_Normals.tga
  artifactKey: Guid(29265425c30222840920731634d4ee78) Importer(815301076,1909f56bfc062723c751e8b465ee728b)
Start importing Assets/Texture_and_materials/Paving_stone/Paving_stone(01)/Textures/Paving_stone(01)_Normals.tga using Guid(29265425c30222840920731634d4ee78) Importer(815301076,1909f56bfc062723c751e8b465ee728b)  -> (artifact id: '073154b2ae5f3a71f175de138b8e18b8') in 0.041729 seconds
Number of updated asset objects reloaded before import = 0
Number of asset objects unloaded after import = 2
========================================================================
Received Import Request.
  Time since last request: 4.350620 seconds.
  path: Assets/Texture_and_materials/Paving_stone/Paving_stone(01)/Materials/Paving_stone(01)_Ao.mat
  artifactKey: Guid(88be5b627e69c714bb8d1e7acc525907) Importer(2089858483,0ecaa5967403d082aa24f35e1b516d23)
Start importing Assets/Texture_and_materials/Paving_stone/Paving_stone(01)/Materials/Paving_stone(01)_Ao.mat using Guid(88be5b627e69c714bb8d1e7acc525907) Importer(2089858483,0ecaa5967403d082aa24f35e1b516d23) Generated GUIDs only implemented for interfaces!
 -> (artifact id: 'c27f91cb6dd671bfe2f4784d62e27169') in 0.033642 seconds
Number of updated asset objects reloaded before import = 0
Number of asset objects unloaded after import = 2
========================================================================
Received Import Request.
  Time since last request: 814.757871 seconds.
  path: Assets/FlagPole/Scenes
  artifactKey: Guid(95b22917f574c9b48822670e26c82748) Importer(2089858483,0ecaa5967403d082aa24f35e1b516d23)
Start importing Assets/FlagPole/Scenes using Guid(95b22917f574c9b48822670e26c82748) Importer(2089858483,0ecaa5967403d082aa24f35e1b516d23) Generated GUIDs only implemented for interfaces!
 -> (artifact id: '2e49615df5a227867c4f6c53ca1f3711') in 0.147028 seconds
Number of updated asset objects reloaded before import = 0
Number of asset objects unloaded after import = 1
========================================================================
Received Import Request.
  Time since last request: 0.000143 seconds.
  path: Assets/FlagPole/PoleMaterials/Textures
  artifactKey: Guid(85288e21a05723d44bf7e0d5f22fdae5) Importer(2089858483,0ecaa5967403d082aa24f35e1b516d23)
Start importing Assets/FlagPole/PoleMaterials/Textures using Guid(85288e21a05723d44bf7e0d5f22fdae5) Importer(2089858483,0ecaa5967403d082aa24f35e1b516d23) Generated GUIDs only implemented for interfaces!
 -> (artifact id: '443d953dede5a8f7a617a4d82b79da69') in 0.018493 seconds
Number of updated asset objects reloaded before import = 0
Number of asset objects unloaded after import = 1
========================================================================
Received Import Request.
  Time since last request: 0.000048 seconds.
  path: Assets/FlagPole/Assets/FlagPole.obj
  artifactKey: Guid(03fd20087355b0842978b747dd4c0849) Importer(2089858483,0ecaa5967403d082aa24f35e1b516d23)
Start importing Assets/FlagPole/Assets/FlagPole.obj using Guid(03fd20087355b0842978b747dd4c0849) Importer(2089858483,0ecaa5967403d082aa24f35e1b516d23) Generated GUIDs only implemented for interfaces!
 -> (artifact id: '2f845e77bae535ecf56b8a618d4f4a2f') in 0.151134 seconds
Number of updated asset objects reloaded before import = 0
Number of asset objects unloaded after import = 10
========================================================================
Received Import Request.
  Time since last request: 0.000032 seconds.
  path: Assets/FlagPole/Prefabs/FlagPoleNoFlag.prefab
  artifactKey: Guid(ebbc32e0dfda20f4e9b6da76739a70e0) Importer(2089858483,0ecaa5967403d082aa24f35e1b516d23)
Start importing Assets/FlagPole/Prefabs/FlagPoleNoFlag.prefab using Guid(ebbc32e0dfda20f4e9b6da76739a70e0) Importer(2089858483,0ecaa5967403d082aa24f35e1b516d23) Generated GUIDs only implemented for interfaces!
 -> (artifact id: '221e627bd6860f330744b47015f13a9b') in 0.023876 seconds
Number of updated asset objects reloaded before import = 0
Number of asset objects unloaded after import = 9
========================================================================
Received Import Request.
  Time since last request: 0.000029 seconds.
  path: Assets/FlagPole/FlagMaterials/Textures/GBflagNormal.png
  artifactKey: Guid(baffddd0a6bc31d4f8198bdb6be52583) Importer(2089858483,0ecaa5967403d082aa24f35e1b516d23)
Start importing Assets/FlagPole/FlagMaterials/Textures/GBflagNormal.png using Guid(baffddd0a6bc31d4f8198bdb6be52583) Importer(2089858483,0ecaa5967403d082aa24f35e1b516d23) Generated GUIDs only implemented for interfaces!
 -> (artifact id: 'c4efecd63f60db3cd0bdbb57adfb1ee7') in 0.146940 seconds
Number of updated asset objects reloaded before import = 0
Number of asset objects unloaded after import = 1
========================================================================
Received Import Request.
  Time since last request: 0.000031 seconds.
  path: Assets/FlagPole/PoleMaterials/Materials/BaseMaterial.mat
  artifactKey: Guid(2182e19dd8fd01e458f34d3984a40968) Importer(2089858483,0ecaa5967403d082aa24f35e1b516d23)
Start importing Assets/FlagPole/PoleMaterials/Materials/BaseMaterial.mat using Guid(2182e19dd8fd01e458f34d3984a40968) Importer(2089858483,0ecaa5967403d082aa24f35e1b516d23) Generated GUIDs only implemented for interfaces!
 -> (artifact id: '3ff0b2f23a0f8e3119bf41bbc6777fa8') in 0.051560 seconds
Number of updated asset objects reloaded before import = 0
Number of asset objects unloaded after import = 3
========================================================================
Received Import Request.
  Time since last request: 0.000041 seconds.
  path: Assets/FlagPole/PoleMaterials/Textures/BrandNewSmooth_Base_Colour_MetallicSmoothness.bmp
  artifactKey: Guid(693dcb2d94137ad4ba0e36c4ac60a14b) Importer(2089858483,0ecaa5967403d082aa24f35e1b516d23)
Start importing Assets/FlagPole/PoleMaterials/Textures/BrandNewSmooth_Base_Colour_MetallicSmoothness.bmp using Guid(693dcb2d94137ad4ba0e36c4ac60a14b) Importer(2089858483,0ecaa5967403d082aa24f35e1b516d23) Generated GUIDs only implemented for interfaces!
 -> (artifact id: '6127b6078390a8fff3ce36d8cb083981') in 0.042009 seconds
Number of updated asset objects reloaded before import = 0
Number of asset objects unloaded after import = 1
========================================================================
Received Import Request.
  Time since last request: 0.000037 seconds.
  path: Assets/FlagPole/FlagMaterials/Textures/GBflag.png
  artifactKey: Guid(ac3ea598fbed01141a2996e9014aa095) Importer(2089858483,0ecaa5967403d082aa24f35e1b516d23)
Start importing Assets/FlagPole/FlagMaterials/Textures/GBflag.png using Guid(ac3ea598fbed01141a2996e9014aa095) Importer(2089858483,0ecaa5967403d082aa24f35e1b516d23) Generated GUIDs only implemented for interfaces!
 -> (artifact id: 'd36081f49af229b6f68a5ffe4132892a') in 0.042786 seconds
Number of updated asset objects reloaded before import = 0
Number of asset objects unloaded after import = 1
========================================================================
Received Import Request.
  Time since last request: 0.000058 seconds.
  path: Assets/FlagPole/PoleMaterials/Materials/ClipMaterial.mat
  artifactKey: Guid(8a9ff83b0c849c84eb156a5507f1f34d) Importer(2089858483,0ecaa5967403d082aa24f35e1b516d23)
Start importing Assets/FlagPole/PoleMaterials/Materials/ClipMaterial.mat using Guid(8a9ff83b0c849c84eb156a5507f1f34d) Importer(2089858483,0ecaa5967403d082aa24f35e1b516d23) Generated GUIDs only implemented for interfaces!
 -> (artifact id: 'b232e5081bbfcecd1bc349e17737be42') in 0.044704 seconds
Number of updated asset objects reloaded before import = 0
Number of asset objects unloaded after import = 4
========================================================================
Received Import Request.
  Time since last request: 0.000028 seconds.
  path: Assets/FlagPole/Scenes/SceneMaterials/FloorMaterial.mat
  artifactKey: Guid(015ed71b8a3649a48ab113e065927ba1) Importer(2089858483,0ecaa5967403d082aa24f35e1b516d23)
Start importing Assets/FlagPole/Scenes/SceneMaterials/FloorMaterial.mat using Guid(015ed71b8a3649a48ab113e065927ba1) Importer(2089858483,0ecaa5967403d082aa24f35e1b516d23) Generated GUIDs only implemented for interfaces!
 -> (artifact id: '084b10e140a06e4305f7b0365edc40fe') in 0.018235 seconds
Number of updated asset objects reloaded before import = 0
Number of asset objects unloaded after import = 1
========================================================================
Received Import Request.
  Time since last request: 0.000028 seconds.
  path: Assets/FlagPole/PoleMaterials/Materials/PoleMaterial.mat
  artifactKey: Guid(5887efb5d0f96404194ef66d17d8f8b2) Importer(2089858483,0ecaa5967403d082aa24f35e1b516d23)
Start importing Assets/FlagPole/PoleMaterials/Materials/PoleMaterial.mat using Guid(5887efb5d0f96404194ef66d17d8f8b2) Importer(2089858483,0ecaa5967403d082aa24f35e1b516d23) Generated GUIDs only implemented for interfaces!
 -> (artifact id: 'cd09aecd512820e595d12af62c56a0fb') in 0.036027 seconds
Number of updated asset objects reloaded before import = 0
Number of asset objects unloaded after import = 4
========================================================================
Received Import Request.
  Time since last request: 0.000030 seconds.
  path: Assets/FlagPole/Assets
  artifactKey: Guid(4aa5a3b0a16ace54a954cca78262230b) Importer(2089858483,0ecaa5967403d082aa24f35e1b516d23)
Start importing Assets/FlagPole/Assets using Guid(4aa5a3b0a16ace54a954cca78262230b) Importer(2089858483,0ecaa5967403d082aa24f35e1b516d23) Generated GUIDs only implemented for interfaces!
 -> (artifact id: '9b6186756f1ba272ce450192de8bb117') in 0.016584 seconds
Number of updated asset objects reloaded before import = 0
Number of asset objects unloaded after import = 1
========================================================================
Received Import Request.
  Time since last request: 0.000042 seconds.
  path: Assets/FlagPole/Scenes/SceneMaterials
  artifactKey: Guid(ee916e11c7794e1449d9f562f3fa24c8) Importer(2089858483,0ecaa5967403d082aa24f35e1b516d23)
Start importing Assets/FlagPole/Scenes/SceneMaterials using Guid(ee916e11c7794e1449d9f562f3fa24c8) Importer(2089858483,0ecaa5967403d082aa24f35e1b516d23) Generated GUIDs only implemented for interfaces!
 -> (artifact id: '88c77ad50913a48c14e236371a769b6f') in 0.016042 seconds
Number of updated asset objects reloaded before import = 0
Number of asset objects unloaded after import = 1
========================================================================
Received Import Request.
  Time since last request: 0.000100 seconds.
  path: Assets/FlagPole
  artifactKey: Guid(c3ac94ca3b3a7394a82ea5ebe058eb3e) Importer(2089858483,0ecaa5967403d082aa24f35e1b516d23)
Start importing Assets/FlagPole using Guid(c3ac94ca3b3a7394a82ea5ebe058eb3e) Importer(2089858483,0ecaa5967403d082aa24f35e1b516d23) Generated GUIDs only implemented for interfaces!
 -> (artifact id: 'f0bfbe11415fdeec901c1783799b9077') in 0.014586 seconds
Number of updated asset objects reloaded before import = 0
Number of asset objects unloaded after import = 1
========================================================================
Received Import Request.
  Time since last request: 0.000034 seconds.
  path: Assets/FlagPole/Assets/Flag.obj
  artifactKey: Guid(5931bb9d029c25f44ad0583ced99d67c) Importer(2089858483,0ecaa5967403d082aa24f35e1b516d23)
Start importing Assets/FlagPole/Assets/Flag.obj using Guid(5931bb9d029c25f44ad0583ced99d67c) Importer(2089858483,0ecaa5967403d082aa24f35e1b516d23) Generated GUIDs only implemented for interfaces!
 -> (artifact id: '733b6531aeffb091394f6500a759f930') in 0.038849 seconds
Number of updated asset objects reloaded before import = 0
Number of asset objects unloaded after import = 10
========================================================================
Received Import Request.
  Time since last request: 0.000038 seconds.
  path: Assets/FlagPole/Prefabs/Flag.prefab
  artifactKey: Guid(9feae68c137691c478991876e2e2bb51) Importer(2089858483,0ecaa5967403d082aa24f35e1b516d23)
Start importing Assets/FlagPole/Prefabs/Flag.prefab using Guid(9feae68c137691c478991876e2e2bb51) Importer(2089858483,0ecaa5967403d082aa24f35e1b516d23) Generated GUIDs only implemented for interfaces!
 -> (artifact id: 'c022b2efc337cad891f6a201dbbdb206') in 0.023514 seconds
Number of updated asset objects reloaded before import = 0
Number of asset objects unloaded after import = 10
========================================================================
Received Import Request.
  Time since last request: 0.000032 seconds.
  path: Assets/FlagPole/PoleMaterials/Textures/BrandNewSmooth_Pole_Colour_AlbedoTransparency.bmp
  artifactKey: Guid(d16f64896d6ef4f44b5e251f33a7ec1d) Importer(2089858483,0ecaa5967403d082aa24f35e1b516d23)
Start importing Assets/FlagPole/PoleMaterials/Textures/BrandNewSmooth_Pole_Colour_AlbedoTransparency.bmp using Guid(d16f64896d6ef4f44b5e251f33a7ec1d) Importer(2089858483,0ecaa5967403d082aa24f35e1b516d23) Generated GUIDs only implemented for interfaces!
 -> (artifact id: '66422836068655430ee6fc82cdb648cb') in 0.044775 seconds
Number of updated asset objects reloaded before import = 0
Number of asset objects unloaded after import = 1
Editor requested this worker to shutdown with reason: Scaling down because of idle timeout
TcpMessagingSession - receive error: operation aborted. errorcode: 995, details: The I/O operation has been aborted because of either a thread exit or an application request.
AssetImportWorker is now disconnected from the server
Process exiting
Exiting without the bug reporter. Application will terminate with return code 0